2023-10-18T14:15:05.968+09:00  INFO 1664 --- [restartedMain] co.kr.lotteon.LotteOnApplication         : Starting LotteOnApplication using Java 17.0.8 with PID 1664 (C:\Users\JAVA\Desktop\LotteON3\out\production\classes started by JAVA in C:\Users\JAVA\Desktop\LotteON3)
2023-10-18T14:15:05.971+09:00  INFO 1664 --- [restartedMain] co.kr.lotteon.LotteOnApplication         : No active profile set, falling back to 1 default profile: "default"
2023-10-18T14:15:06.115+09:00  INFO 1664 --- [restartedMain] .e.DevToolsPropertyDefaultsPostProcessor : Devtools property defaults active! Set 'spring.devtools.add-properties' to 'false' to disable
2023-10-18T14:15:06.115+09:00  INFO 1664 --- [restartedMain] .e.DevToolsPropertyDefaultsPostProcessor : For additional web related logging consider setting the 'logging.level.web' property to 'DEBUG'
2023-10-18T14:15:06.654+09:00  INFO 1664 --- [restartedMain] .s.d.r.c.RepositoryConfigurationDelegate : Bootstrapping Spring Data JPA repositories in DEFAULT mode.
2023-10-18T14:15:06.685+09:00  INFO 1664 --- [restartedMain] .s.d.r.c.RepositoryConfigurationDelegate : Finished Spring Data repository scanning in 27 ms. Found 4 JPA repository interfaces.
2023-10-18T14:15:07.010+09:00  INFO 1664 --- [restartedMain] o.s.b.w.embedded.tomcat.TomcatWebServer  : Tomcat initialized with port(s): 8080 (http)
2023-10-18T14:15:07.016+09:00  INFO 1664 --- [restartedMain] o.apache.catalina.core.StandardService   : Starting service [Tomcat]
2023-10-18T14:15:07.017+09:00  INFO 1664 --- [restartedMain] o.apache.catalina.core.StandardEngine    : Starting Servlet engine: [Apache Tomcat/10.1.13]
2023-10-18T14:15:07.052+09:00  INFO 1664 --- [restartedMain] o.a.c.c.C.[.[localhost].[/LotteON]       : Initializing Spring embedded WebApplicationContext
2023-10-18T14:15:07.052+09:00  INFO 1664 --- [restartedMain] w.s.c.ServletWebServerApplicationContext : Root WebApplicationContext: initialization completed in 936 ms
2023-10-18T14:15:07.138+09:00  INFO 1664 --- [restartedMain] o.hibernate.jpa.internal.util.LogHelper  : HHH000204: Processing PersistenceUnitInfo [name: default]
2023-10-18T14:15:07.170+09:00  INFO 1664 --- [restartedMain] org.hibernate.Version                    : HHH000412: Hibernate ORM core version 6.2.9.Final
2023-10-18T14:15:07.171+09:00  INFO 1664 --- [restartedMain] org.hibernate.cfg.Environment            : HHH000406: Using bytecode reflection optimizer
2023-10-18T14:15:07.262+09:00  INFO 1664 --- [restartedMain] o.h.b.i.BytecodeProviderInitiator        : HHH000021: Bytecode provider name : bytebuddy
2023-10-18T14:15:07.346+09:00  INFO 1664 --- [restartedMain] o.s.o.j.p.SpringPersistenceUnitInfo      : No LoadTimeWeaver setup: ignoring JPA class transformer
2023-10-18T14:15:07.356+09:00  INFO 1664 --- [restartedMain] com.zaxxer.hikari.HikariDataSource       : HikariPool-1 - Starting...
2023-10-18T14:16:53.705+09:00  INFO 6064 --- [restartedMain] co.kr.lotteon.LotteOnApplication         : Starting LotteOnApplication using Java 17.0.8 with PID 6064 (C:\Users\JAVA\Desktop\LotteON3\out\production\classes started by JAVA in C:\Users\JAVA\Desktop\LotteON3)
2023-10-18T14:16:53.706+09:00  INFO 6064 --- [restartedMain] co.kr.lotteon.LotteOnApplication         : No active profile set, falling back to 1 default profile: "default"
2023-10-18T14:16:53.821+09:00  INFO 6064 --- [restartedMain] .e.DevToolsPropertyDefaultsPostProcessor : Devtools property defaults active! Set 'spring.devtools.add-properties' to 'false' to disable
2023-10-18T14:16:53.821+09:00  INFO 6064 --- [restartedMain] .e.DevToolsPropertyDefaultsPostProcessor : For additional web related logging consider setting the 'logging.level.web' property to 'DEBUG'
2023-10-18T14:16:54.156+09:00  INFO 6064 --- [restartedMain] .s.d.r.c.RepositoryConfigurationDelegate : Bootstrapping Spring Data JPA repositories in DEFAULT mode.
2023-10-18T14:16:54.184+09:00  INFO 6064 --- [restartedMain] .s.d.r.c.RepositoryConfigurationDelegate : Finished Spring Data repository scanning in 24 ms. Found 4 JPA repository interfaces.
2023-10-18T14:16:54.499+09:00  INFO 6064 --- [restartedMain] o.s.b.w.embedded.tomcat.TomcatWebServer  : Tomcat initialized with port(s): 8080 (http)
2023-10-18T14:16:54.503+09:00  INFO 6064 --- [restartedMain] o.apache.catalina.core.StandardService   : Starting service [Tomcat]
2023-10-18T14:16:54.504+09:00  INFO 6064 --- [restartedMain] o.apache.catalina.core.StandardEngine    : Starting Servlet engine: [Apache Tomcat/10.1.13]
2023-10-18T14:16:54.533+09:00  INFO 6064 --- [restartedMain] o.a.c.c.C.[.[localhost].[/LotteON]       : Initializing Spring embedded WebApplicationContext
2023-10-18T14:16:54.533+09:00  INFO 6064 --- [restartedMain] w.s.c.ServletWebServerApplicationContext : Root WebApplicationContext: initialization completed in 712 ms
2023-10-18T14:16:54.608+09:00  INFO 6064 --- [restartedMain] o.hibernate.jpa.internal.util.LogHelper  : HHH000204: Processing PersistenceUnitInfo [name: default]
2023-10-18T14:16:54.630+09:00  INFO 6064 --- [restartedMain] org.hibernate.Version                    : HHH000412: Hibernate ORM core version 6.2.9.Final
2023-10-18T14:16:54.631+09:00  INFO 6064 --- [restartedMain] org.hibernate.cfg.Environment            : HHH000406: Using bytecode reflection optimizer
2023-10-18T14:16:54.700+09:00  INFO 6064 --- [restartedMain] o.h.b.i.BytecodeProviderInitiator        : HHH000021: Bytecode provider name : bytebuddy
2023-10-18T14:16:54.768+09:00  INFO 6064 --- [restartedMain] o.s.o.j.p.SpringPersistenceUnitInfo      : No LoadTimeWeaver setup: ignoring JPA class transformer
2023-10-18T14:16:54.776+09:00  INFO 6064 --- [restartedMain] com.zaxxer.hikari.HikariDataSource       : HikariPool-1 - Starting...
2023-10-18T14:16:56.629+09:00  INFO 6064 --- [restartedMain] com.zaxxer.hikari.pool.HikariPool        : HikariPool-1 - Added connection com.mysql.cj.jdbc.ConnectionImpl@4562ec54
2023-10-18T14:16:56.633+09:00  INFO 6064 --- [restartedMain] com.zaxxer.hikari.HikariDataSource       : HikariPool-1 - Start completed.
2023-10-18T14:16:56.829+09:00  WARN 6064 --- [restartedMain] org.hibernate.orm.deprecation            : HHH90000026: MySQL57Dialect has been deprecated; use org.hibernate.dialect.MySQLDialect instead
2023-10-18T14:16:56.957+09:00  INFO 6064 --- [restartedMain] o.h.b.i.BytecodeProviderInitiator        : HHH000021: Bytecode provider name : bytebuddy
2023-10-18T14:16:57.005+09:00  WARN 6064 --- [restartedMain] org.hibernate.mapping.RootClass          : HHH000038: Composite-id class does not override equals(): co.kr.lotteon.entity.LtProductCate2Entity
2023-10-18T14:16:57.006+09:00  WARN 6064 --- [restartedMain] org.hibernate.mapping.RootClass          : HHH000039: Composite-id class does not override hashCode(): co.kr.lotteon.entity.LtProductCate2Entity
2023-10-18T14:16:57.006+09:00  WARN 6064 --- [restartedMain] org.hibernate.mapping.RootClass          : HHH000038: Composite-id class does not override equals(): co.kr.lotteon.entity.LtCsCate2DTO
2023-10-18T14:16:57.006+09:00  WARN 6064 --- [restartedMain] org.hibernate.mapping.RootClass          : HHH000039: Composite-id class does not override hashCode(): co.kr.lotteon.entity.LtCsCate2DTO
2023-10-18T14:16:57.006+09:00  WARN 6064 --- [restartedMain] org.hibernate.mapping.RootClass          : HHH000038: Composite-id class does not override equals(): co.kr.lotteon.entity.LtCsFaqRateEntity
2023-10-18T14:16:57.006+09:00  WARN 6064 --- [restartedMain] org.hibernate.mapping.RootClass          : HHH000039: Composite-id class does not override hashCode(): co.kr.lotteon.entity.LtCsFaqRateEntity
2023-10-18T14:16:57.465+09:00  INFO 6064 --- [restartedMain] o.h.e.t.j.p.i.JtaPlatformInitiator       : HHH000490: Using JtaPlatform implementation: [org.hibernate.engine.transaction.jta.platform.internal.NoJtaPlatform]
2023-10-18T14:16:57.467+09:00  INFO 6064 --- [restartedMain] j.LocalContainerEntityManagerFactoryBean : Initialized JPA EntityManagerFactory for persistence unit 'default'
2023-10-18T14:16:57.755+09:00  WARN 6064 --- [restartedMain] ocalVariableTableParameterNameDiscoverer : Using deprecated '-debug' fallback for parameter name resolution. Compile the affected code with '-parameters' instead or avoid its introspection: co.kr.lotteon.repository.LtMemberRepository
2023-10-18T14:16:57.814+09:00  WARN 6064 --- [restartedMain] ConfigServletWebServerApplicationContext : Exception encountered during context initialization - cancelling refresh attempt: org.springframework.beans.factory.UnsatisfiedDependencyException: Error creating bean with name 'memberCheckController': Unsatisfied dependency expressed through field 'ltMemberService': Error creating bean with name 'ltMemberService': Unsatisfied dependency expressed through field 'javaMailSender': No qualifying bean of type 'org.springframework.mail.javamail.JavaMailSender' available: expected at least 1 bean which qualifies as autowire candidate. Dependency annotations: {@org.springframework.beans.factory.annotation.Autowired(required=true)}
2023-10-18T14:16:57.814+09:00  INFO 6064 --- [restartedMain] j.LocalContainerEntityManagerFactoryBean : Closing JPA EntityManagerFactory for persistence unit 'default'
2023-10-18T14:16:57.816+09:00  INFO 6064 --- [restartedMain] com.zaxxer.hikari.HikariDataSource       : HikariPool-1 - Shutdown initiated...
2023-10-18T14:16:58.337+09:00  INFO 6064 --- [restartedMain] com.zaxxer.hikari.HikariDataSource       : HikariPool-1 - Shutdown completed.
2023-10-18T14:16:58.338+09:00  INFO 6064 --- [restartedMain] o.apache.catalina.core.StandardService   : Stopping service [Tomcat]
2023-10-18T14:16:58.345+09:00  INFO 6064 --- [restartedMain] .s.b.a.l.ConditionEvaluationReportLogger : 

Error starting ApplicationContext. To display the condition evaluation report re-run your application with 'debug' enabled.
2023-10-18T14:16:58.358+09:00 ERROR 6064 --- [restartedMain] o.s.b.d.LoggingFailureAnalysisReporter   : 

***************************
APPLICATION FAILED TO START
***************************

Description:

Field javaMailSender in co.kr.lotteon.service.LtMemberService required a bean of type 'org.springframework.mail.javamail.JavaMailSender' that could not be found.

The injection point has the following annotations:
	- @org.springframework.beans.factory.annotation.Autowired(required=true)


Action:

Consider defining a bean of type 'org.springframework.mail.javamail.JavaMailSender' in your configuration.

2023-10-18T14:17:00.150+09:00  INFO 8204 --- [restartedMain] co.kr.lotteon.LotteOnApplication         : Starting LotteOnApplication using Java 17.0.8 with PID 8204 (C:\Users\JAVA\Desktop\LotteON3\out\production\classes started by JAVA in C:\Users\JAVA\Desktop\LotteON3)
2023-10-18T14:17:00.151+09:00  INFO 8204 --- [restartedMain] co.kr.lotteon.LotteOnApplication         : No active profile set, falling back to 1 default profile: "default"
2023-10-18T14:17:00.260+09:00  INFO 8204 --- [restartedMain] .e.DevToolsPropertyDefaultsPostProcessor : Devtools property defaults active! Set 'spring.devtools.add-properties' to 'false' to disable
2023-10-18T14:17:00.260+09:00  INFO 8204 --- [restartedMain] .e.DevToolsPropertyDefaultsPostProcessor : For additional web related logging consider setting the 'logging.level.web' property to 'DEBUG'
2023-10-18T14:17:00.626+09:00  INFO 8204 --- [restartedMain] .s.d.r.c.RepositoryConfigurationDelegate : Bootstrapping Spring Data JPA repositories in DEFAULT mode.
2023-10-18T14:17:00.659+09:00  INFO 8204 --- [restartedMain] .s.d.r.c.RepositoryConfigurationDelegate : Finished Spring Data repository scanning in 29 ms. Found 4 JPA repository interfaces.
2023-10-18T14:17:00.999+09:00  INFO 8204 --- [restartedMain] o.s.b.w.embedded.tomcat.TomcatWebServer  : Tomcat initialized with port(s): 8080 (http)
2023-10-18T14:17:01.004+09:00  INFO 8204 --- [restartedMain] o.apache.catalina.core.StandardService   : Starting service [Tomcat]
2023-10-18T14:17:01.005+09:00  INFO 8204 --- [restartedMain] o.apache.catalina.core.StandardEngine    : Starting Servlet engine: [Apache Tomcat/10.1.13]
2023-10-18T14:17:01.038+09:00  INFO 8204 --- [restartedMain] o.a.c.c.C.[.[localhost].[/LotteON]       : Initializing Spring embedded WebApplicationContext
2023-10-18T14:17:01.038+09:00  INFO 8204 --- [restartedMain] w.s.c.ServletWebServerApplicationContext : Root WebApplicationContext: initialization completed in 777 ms
2023-10-18T14:17:01.124+09:00  INFO 8204 --- [restartedMain] o.hibernate.jpa.internal.util.LogHelper  : HHH000204: Processing PersistenceUnitInfo [name: default]
2023-10-18T14:17:01.160+09:00  INFO 8204 --- [restartedMain] org.hibernate.Version                    : HHH000412: Hibernate ORM core version 6.2.9.Final
2023-10-18T14:17:01.161+09:00  INFO 8204 --- [restartedMain] org.hibernate.cfg.Environment            : HHH000406: Using bytecode reflection optimizer
2023-10-18T14:17:01.244+09:00  INFO 8204 --- [restartedMain] o.h.b.i.BytecodeProviderInitiator        : HHH000021: Bytecode provider name : bytebuddy
2023-10-18T14:17:01.319+09:00  INFO 8204 --- [restartedMain] o.s.o.j.p.SpringPersistenceUnitInfo      : No LoadTimeWeaver setup: ignoring JPA class transformer
2023-10-18T14:17:01.327+09:00  INFO 8204 --- [restartedMain] com.zaxxer.hikari.HikariDataSource       : HikariPool-1 - Starting...
2023-10-18T14:17:03.192+09:00  INFO 8204 --- [restartedMain] com.zaxxer.hikari.pool.HikariPool        : HikariPool-1 - Added connection com.mysql.cj.jdbc.ConnectionImpl@7f71667a
2023-10-18T14:17:03.196+09:00  INFO 8204 --- [restartedMain] com.zaxxer.hikari.HikariDataSource       : HikariPool-1 - Start completed.
2023-10-18T14:17:03.384+09:00  WARN 8204 --- [restartedMain] org.hibernate.orm.deprecation            : HHH90000026: MySQL57Dialect has been deprecated; use org.hibernate.dialect.MySQLDialect instead
2023-10-18T14:17:03.502+09:00  INFO 8204 --- [restartedMain] o.h.b.i.BytecodeProviderInitiator        : HHH000021: Bytecode provider name : bytebuddy
2023-10-18T14:17:03.540+09:00  WARN 8204 --- [restartedMain] org.hibernate.mapping.RootClass          : HHH000038: Composite-id class does not override equals(): co.kr.lotteon.entity.LtProductCate2Entity
2023-10-18T14:17:03.541+09:00  WARN 8204 --- [restartedMain] org.hibernate.mapping.RootClass          : HHH000039: Composite-id class does not override hashCode(): co.kr.lotteon.entity.LtProductCate2Entity
2023-10-18T14:17:03.541+09:00  WARN 8204 --- [restartedMain] org.hibernate.mapping.RootClass          : HHH000038: Composite-id class does not override equals(): co.kr.lotteon.entity.LtCsCate2DTO
2023-10-18T14:17:03.541+09:00  WARN 8204 --- [restartedMain] org.hibernate.mapping.RootClass          : HHH000039: Composite-id class does not override hashCode(): co.kr.lotteon.entity.LtCsCate2DTO
2023-10-18T14:17:03.541+09:00  WARN 8204 --- [restartedMain] org.hibernate.mapping.RootClass          : HHH000038: Composite-id class does not override equals(): co.kr.lotteon.entity.LtCsFaqRateEntity
2023-10-18T14:17:03.541+09:00  WARN 8204 --- [restartedMain] org.hibernate.mapping.RootClass          : HHH000039: Composite-id class does not override hashCode(): co.kr.lotteon.entity.LtCsFaqRateEntity
2023-10-18T14:17:03.970+09:00  INFO 8204 --- [restartedMain] o.h.e.t.j.p.i.JtaPlatformInitiator       : HHH000490: Using JtaPlatform implementation: [org.hibernate.engine.transaction.jta.platform.internal.NoJtaPlatform]
2023-10-18T14:17:03.972+09:00  INFO 8204 --- [restartedMain] j.LocalContainerEntityManagerFactoryBean : Initialized JPA EntityManagerFactory for persistence unit 'default'
2023-10-18T14:17:04.216+09:00  WARN 8204 --- [restartedMain] ocalVariableTableParameterNameDiscoverer : Using deprecated '-debug' fallback for parameter name resolution. Compile the affected code with '-parameters' instead or avoid its introspection: co.kr.lotteon.repository.LtMemberRepository
2023-10-18T14:17:04.264+09:00  WARN 8204 --- [restartedMain] ConfigServletWebServerApplicationContext : Exception encountered during context initialization - cancelling refresh attempt: org.springframework.beans.factory.UnsatisfiedDependencyException: Error creating bean with name 'memberCheckController': Unsatisfied dependency expressed through field 'ltMemberService': Error creating bean with name 'ltMemberService': Unsatisfied dependency expressed through field 'javaMailSender': No qualifying bean of type 'org.springframework.mail.javamail.JavaMailSender' available: expected at least 1 bean which qualifies as autowire candidate. Dependency annotations: {@org.springframework.beans.factory.annotation.Autowired(required=true)}
2023-10-18T14:17:04.265+09:00  INFO 8204 --- [restartedMain] j.LocalContainerEntityManagerFactoryBean : Closing JPA EntityManagerFactory for persistence unit 'default'
2023-10-18T14:17:04.267+09:00  INFO 8204 --- [restartedMain] com.zaxxer.hikari.HikariDataSource       : HikariPool-1 - Shutdown initiated...
2023-10-18T14:17:04.904+09:00  INFO 8204 --- [restartedMain] com.zaxxer.hikari.HikariDataSource       : HikariPool-1 - Shutdown completed.
2023-10-18T14:17:04.910+09:00  INFO 8204 --- [restartedMain] o.apache.catalina.core.StandardService   : Stopping service [Tomcat]
2023-10-18T14:17:04.925+09:00  INFO 8204 --- [restartedMain] .s.b.a.l.ConditionEvaluationReportLogger : 

Error starting ApplicationContext. To display the condition evaluation report re-run your application with 'debug' enabled.
2023-10-18T14:17:04.937+09:00 ERROR 8204 --- [restartedMain] o.s.b.d.LoggingFailureAnalysisReporter   : 

***************************
APPLICATION FAILED TO START
***************************

Description:

Field javaMailSender in co.kr.lotteon.service.LtMemberService required a bean of type 'org.springframework.mail.javamail.JavaMailSender' that could not be found.

The injection point has the following annotations:
	- @org.springframework.beans.factory.annotation.Autowired(required=true)


Action:

Consider defining a bean of type 'org.springframework.mail.javamail.JavaMailSender' in your configuration.

2023-10-18T14:17:33.340+09:00  INFO 17856 --- [restartedMain] co.kr.lotteon.LotteOnApplication         : Starting LotteOnApplication using Java 17.0.8 with PID 17856 (C:\Users\JAVA\Desktop\LotteON3\out\production\classes started by JAVA in C:\Users\JAVA\Desktop\LotteON3)
2023-10-18T14:17:33.341+09:00  INFO 17856 --- [restartedMain] co.kr.lotteon.LotteOnApplication         : No active profile set, falling back to 1 default profile: "default"
2023-10-18T14:17:33.453+09:00  INFO 17856 --- [restartedMain] .e.DevToolsPropertyDefaultsPostProcessor : Devtools property defaults active! Set 'spring.devtools.add-properties' to 'false' to disable
2023-10-18T14:17:33.453+09:00  INFO 17856 --- [restartedMain] .e.DevToolsPropertyDefaultsPostProcessor : For additional web related logging consider setting the 'logging.level.web' property to 'DEBUG'
2023-10-18T14:17:33.778+09:00  INFO 17856 --- [restartedMain] .s.d.r.c.RepositoryConfigurationDelegate : Bootstrapping Spring Data JPA repositories in DEFAULT mode.
2023-10-18T14:17:33.812+09:00  INFO 17856 --- [restartedMain] .s.d.r.c.RepositoryConfigurationDelegate : Finished Spring Data repository scanning in 29 ms. Found 4 JPA repository interfaces.
2023-10-18T14:17:34.103+09:00  INFO 17856 --- [restartedMain] o.s.b.w.embedded.tomcat.TomcatWebServer  : Tomcat initialized with port(s): 8080 (http)
2023-10-18T14:17:34.107+09:00  INFO 17856 --- [restartedMain] o.apache.catalina.core.StandardService   : Starting service [Tomcat]
2023-10-18T14:17:34.108+09:00  INFO 17856 --- [restartedMain] o.apache.catalina.core.StandardEngine    : Starting Servlet engine: [Apache Tomcat/10.1.13]
2023-10-18T14:17:34.137+09:00  INFO 17856 --- [restartedMain] o.a.c.c.C.[.[localhost].[/LotteON]       : Initializing Spring embedded WebApplicationContext
2023-10-18T14:17:34.137+09:00  INFO 17856 --- [restartedMain] w.s.c.ServletWebServerApplicationContext : Root WebApplicationContext: initialization completed in 683 ms
2023-10-18T14:17:34.218+09:00  INFO 17856 --- [restartedMain] o.hibernate.jpa.internal.util.LogHelper  : HHH000204: Processing PersistenceUnitInfo [name: default]
2023-10-18T14:17:34.244+09:00  INFO 17856 --- [restartedMain] org.hibernate.Version                    : HHH000412: Hibernate ORM core version 6.2.9.Final
2023-10-18T14:17:34.245+09:00  INFO 17856 --- [restartedMain] org.hibernate.cfg.Environment            : HHH000406: Using bytecode reflection optimizer
2023-10-18T14:17:34.314+09:00  INFO 17856 --- [restartedMain] o.h.b.i.BytecodeProviderInitiator        : HHH000021: Bytecode provider name : bytebuddy
2023-10-18T14:17:34.387+09:00  INFO 17856 --- [restartedMain] o.s.o.j.p.SpringPersistenceUnitInfo      : No LoadTimeWeaver setup: ignoring JPA class transformer
2023-10-18T14:17:34.395+09:00  INFO 17856 --- [restartedMain] com.zaxxer.hikari.HikariDataSource       : HikariPool-1 - Starting...
2023-10-18T14:17:36.238+09:00  INFO 17856 --- [restartedMain] com.zaxxer.hikari.pool.HikariPool        : HikariPool-1 - Added connection com.mysql.cj.jdbc.ConnectionImpl@37b83c2d
2023-10-18T14:17:36.240+09:00  INFO 17856 --- [restartedMain] com.zaxxer.hikari.HikariDataSource       : HikariPool-1 - Start completed.
2023-10-18T14:17:36.421+09:00  WARN 17856 --- [restartedMain] org.hibernate.orm.deprecation            : HHH90000026: MySQL57Dialect has been deprecated; use org.hibernate.dialect.MySQLDialect instead
2023-10-18T14:17:36.536+09:00  INFO 17856 --- [restartedMain] o.h.b.i.BytecodeProviderInitiator        : HHH000021: Bytecode provider name : bytebuddy
2023-10-18T14:17:36.570+09:00  WARN 17856 --- [restartedMain] org.hibernate.mapping.RootClass          : HHH000038: Composite-id class does not override equals(): co.kr.lotteon.entity.LtProductCate2Entity
2023-10-18T14:17:36.570+09:00  WARN 17856 --- [restartedMain] org.hibernate.mapping.RootClass          : HHH000039: Composite-id class does not override hashCode(): co.kr.lotteon.entity.LtProductCate2Entity
2023-10-18T14:17:36.571+09:00  WARN 17856 --- [restartedMain] org.hibernate.mapping.RootClass          : HHH000038: Composite-id class does not override equals(): co.kr.lotteon.entity.LtCsCate2DTO
2023-10-18T14:17:36.571+09:00  WARN 17856 --- [restartedMain] org.hibernate.mapping.RootClass          : HHH000039: Composite-id class does not override hashCode(): co.kr.lotteon.entity.LtCsCate2DTO
2023-10-18T14:17:36.571+09:00  WARN 17856 --- [restartedMain] org.hibernate.mapping.RootClass          : HHH000038: Composite-id class does not override equals(): co.kr.lotteon.entity.LtCsFaqRateEntity
2023-10-18T14:17:36.571+09:00  WARN 17856 --- [restartedMain] org.hibernate.mapping.RootClass          : HHH000039: Composite-id class does not override hashCode(): co.kr.lotteon.entity.LtCsFaqRateEntity
2023-10-18T14:17:36.960+09:00  INFO 17856 --- [restartedMain] o.h.e.t.j.p.i.JtaPlatformInitiator       : HHH000490: Using JtaPlatform implementation: [org.hibernate.engine.transaction.jta.platform.internal.NoJtaPlatform]
2023-10-18T14:17:36.961+09:00  INFO 17856 --- [restartedMain] j.LocalContainerEntityManagerFactoryBean : Initialized JPA EntityManagerFactory for persistence unit 'default'
2023-10-18T14:17:37.206+09:00  WARN 17856 --- [restartedMain] ocalVariableTableParameterNameDiscoverer : Using deprecated '-debug' fallback for parameter name resolution. Compile the affected code with '-parameters' instead or avoid its introspection: co.kr.lotteon.repository.LtMemberRepository
2023-10-18T14:17:37.254+09:00  WARN 17856 --- [restartedMain] ConfigServletWebServerApplicationContext : Exception encountered during context initialization - cancelling refresh attempt: org.springframework.beans.factory.UnsatisfiedDependencyException: Error creating bean with name 'memberCheckController': Unsatisfied dependency expressed through field 'ltMemberService': Error creating bean with name 'ltMemberService': Unsatisfied dependency expressed through field 'javaMailSender': No qualifying bean of type 'org.springframework.mail.javamail.JavaMailSender' available: expected at least 1 bean which qualifies as autowire candidate. Dependency annotations: {@org.springframework.beans.factory.annotation.Autowired(required=true)}
2023-10-18T14:17:37.255+09:00  INFO 17856 --- [restartedMain] j.LocalContainerEntityManagerFactoryBean : Closing JPA EntityManagerFactory for persistence unit 'default'
2023-10-18T14:17:37.257+09:00  INFO 17856 --- [restartedMain] com.zaxxer.hikari.HikariDataSource       : HikariPool-1 - Shutdown initiated...
2023-10-18T14:17:37.933+09:00  INFO 17856 --- [restartedMain] com.zaxxer.hikari.HikariDataSource       : HikariPool-1 - Shutdown completed.
2023-10-18T14:17:37.937+09:00  INFO 17856 --- [restartedMain] o.apache.catalina.core.StandardService   : Stopping service [Tomcat]
2023-10-18T14:17:37.946+09:00  INFO 17856 --- [restartedMain] .s.b.a.l.ConditionEvaluationReportLogger : 

Error starting ApplicationContext. To display the condition evaluation report re-run your application with 'debug' enabled.
2023-10-18T14:17:37.958+09:00 ERROR 17856 --- [restartedMain] o.s.b.d.LoggingFailureAnalysisReporter   : 

***************************
APPLICATION FAILED TO START
***************************

Description:

Field javaMailSender in co.kr.lotteon.service.LtMemberService required a bean of type 'org.springframework.mail.javamail.JavaMailSender' that could not be found.

The injection point has the following annotations:
	- @org.springframework.beans.factory.annotation.Autowired(required=true)


Action:

Consider defining a bean of type 'org.springframework.mail.javamail.JavaMailSender' in your configuration.

