2023-10-16T01:22:12.875+09:00  INFO 17788 --- [restartedMain] co.kr.lotteon.LotteOnApplication         : Starting LotteOnApplication using Java 17.0.8 with PID 17788 (C:\Users\SOO\Desktop\Workspace\Spring\LotteON3\build\classes\java\main started by SOO in C:\Users\SOO\Desktop\Workspace\Spring\LotteON3)
2023-10-16T01:22:12.882+09:00  INFO 17788 --- [restartedMain] co.kr.lotteon.LotteOnApplication         : No active profile set, falling back to 1 default profile: "default"
2023-10-16T01:22:13.081+09:00  INFO 17788 --- [restartedMain] .e.DevToolsPropertyDefaultsPostProcessor : Devtools property defaults active! Set 'spring.devtools.add-properties' to 'false' to disable
2023-10-16T01:22:13.081+09:00  INFO 17788 --- [restartedMain] .e.DevToolsPropertyDefaultsPostProcessor : For additional web related logging consider setting the 'logging.level.web' property to 'DEBUG'
2023-10-16T01:22:13.691+09:00  INFO 17788 --- [restartedMain] .s.d.r.c.RepositoryConfigurationDelegate : Bootstrapping Spring Data JPA repositories in DEFAULT mode.
2023-10-16T01:22:13.743+09:00  INFO 17788 --- [restartedMain] .s.d.r.c.RepositoryConfigurationDelegate : Finished Spring Data repository scanning in 44 ms. Found 2 JPA repository interfaces.
2023-10-16T01:22:13.852+09:00  WARN 17788 --- [restartedMain] o.m.s.mapper.ClassPathMapperScanner      : No MyBatis mapper was found in '[co.kr.lotteon]' package. Please check your configuration.
2023-10-16T01:22:14.494+09:00  INFO 17788 --- [restartedMain] o.s.b.w.embedded.tomcat.TomcatWebServer  : Tomcat initialized with port(s): 8080 (http)
2023-10-16T01:22:14.509+09:00  INFO 17788 --- [restartedMain] o.apache.catalina.core.StandardService   : Starting service [Tomcat]
2023-10-16T01:22:14.510+09:00  INFO 17788 --- [restartedMain] o.apache.catalina.core.StandardEngine    : Starting Servlet engine: [Apache Tomcat/10.1.13]
2023-10-16T01:22:14.589+09:00  INFO 17788 --- [restartedMain] o.a.c.c.C.[Tomcat].[localhost].[/]       : Initializing Spring embedded WebApplicationContext
2023-10-16T01:22:14.590+09:00  INFO 17788 --- [restartedMain] w.s.c.ServletWebServerApplicationContext : Root WebApplicationContext: initialization completed in 1506 ms
2023-10-16T01:22:14.826+09:00  INFO 17788 --- [restartedMain] o.hibernate.jpa.internal.util.LogHelper  : HHH000204: Processing PersistenceUnitInfo [name: default]
2023-10-16T01:22:14.900+09:00  INFO 17788 --- [restartedMain] org.hibernate.Version                    : HHH000412: Hibernate ORM core version 6.2.9.Final
2023-10-16T01:22:14.905+09:00  INFO 17788 --- [restartedMain] org.hibernate.cfg.Environment            : HHH000406: Using bytecode reflection optimizer
2023-10-16T01:22:15.115+09:00  INFO 17788 --- [restartedMain] o.h.b.i.BytecodeProviderInitiator        : HHH000021: Bytecode provider name : bytebuddy
2023-10-16T01:22:15.279+09:00  INFO 17788 --- [restartedMain] o.s.o.j.p.SpringPersistenceUnitInfo      : No LoadTimeWeaver setup: ignoring JPA class transformer
2023-10-16T01:22:15.298+09:00  INFO 17788 --- [restartedMain] com.zaxxer.hikari.HikariDataSource       : HikariPool-1 - Starting...
2023-10-16T01:22:17.406+09:00  INFO 17788 --- [restartedMain] com.zaxxer.hikari.pool.HikariPool        : HikariPool-1 - Added connection com.mysql.cj.jdbc.ConnectionImpl@102b29f6
2023-10-16T01:22:17.413+09:00  INFO 17788 --- [restartedMain] com.zaxxer.hikari.HikariDataSource       : HikariPool-1 - Start completed.
2023-10-16T01:22:17.708+09:00  WARN 17788 --- [restartedMain] org.hibernate.orm.deprecation            : HHH90000026: MySQL57Dialect has been deprecated; use org.hibernate.dialect.MySQLDialect instead
2023-10-16T01:22:18.314+09:00  INFO 17788 --- [restartedMain] o.h.b.i.BytecodeProviderInitiator        : HHH000021: Bytecode provider name : bytebuddy
2023-10-16T01:22:18.471+09:00  WARN 17788 --- [restartedMain] org.hibernate.mapping.RootClass          : HHH000038: Composite-id class does not override equals(): co.kr.lotteon.entity.LtProductCate2Entity
2023-10-16T01:22:18.472+09:00  WARN 17788 --- [restartedMain] org.hibernate.mapping.RootClass          : HHH000039: Composite-id class does not override hashCode(): co.kr.lotteon.entity.LtProductCate2Entity
2023-10-16T01:22:18.472+09:00  WARN 17788 --- [restartedMain] org.hibernate.mapping.RootClass          : HHH000038: Composite-id class does not override equals(): co.kr.lotteon.entity.LtCsCate2DTO
2023-10-16T01:22:18.472+09:00  WARN 17788 --- [restartedMain] org.hibernate.mapping.RootClass          : HHH000039: Composite-id class does not override hashCode(): co.kr.lotteon.entity.LtCsCate2DTO
2023-10-16T01:22:18.474+09:00  WARN 17788 --- [restartedMain] org.hibernate.mapping.RootClass          : HHH000038: Composite-id class does not override equals(): co.kr.lotteon.entity.LtCsFaqRateEntity
2023-10-16T01:22:18.474+09:00  WARN 17788 --- [restartedMain] org.hibernate.mapping.RootClass          : HHH000039: Composite-id class does not override hashCode(): co.kr.lotteon.entity.LtCsFaqRateEntity
2023-10-16T01:22:19.799+09:00  INFO 17788 --- [restartedMain] o.h.e.t.j.p.i.JtaPlatformInitiator       : HHH000490: Using JtaPlatform implementation: [org.hibernate.engine.transaction.jta.platform.internal.NoJtaPlatform]
2023-10-16T01:22:19.802+09:00  INFO 17788 --- [restartedMain] j.LocalContainerEntityManagerFactoryBean : Initialized JPA EntityManagerFactory for persistence unit 'default'
2023-10-16T01:22:20.198+09:00  WARN 17788 --- [restartedMain] JpaBaseConfiguration$JpaWebConfiguration : spring.jpa.open-in-view is enabled by default. Therefore, database queries may be performed during view rendering. Explicitly configure spring.jpa.open-in-view to disable this warning
2023-10-16T01:22:20.484+09:00  INFO 17788 --- [restartedMain] o.s.s.web.DefaultSecurityFilterChain     : Will secure any request with [org.springframework.security.web.session.DisableEncodeUrlFilter@5219de0e, org.springframework.security.web.context.request.async.WebAsyncManagerIntegrationFilter@429968a8, org.springframework.security.web.context.SecurityContextHolderFilter@640d9e65, org.springframework.security.web.header.HeaderWriterFilter@15e40b79, org.springframework.security.web.authentication.logout.LogoutFilter@397c0e1d, org.springframework.security.web.authentication.UsernamePasswordAuthenticationFilter@25d4150e, org.springframework.security.web.savedrequest.RequestCacheAwareFilter@26003c1f, org.springframework.security.web.servletapi.SecurityContextHolderAwareRequestFilter@334ea26e, org.springframework.security.web.authentication.AnonymousAuthenticationFilter@6685b38c, org.springframework.security.web.access.ExceptionTranslationFilter@553ad1ae, org.springframework.security.web.access.intercept.AuthorizationFilter@732e449]
2023-10-16T01:22:20.833+09:00  INFO 17788 --- [restartedMain] o.s.b.d.a.OptionalLiveReloadServer       : LiveReload server is running on port 35729
2023-10-16T01:22:20.885+09:00  INFO 17788 --- [restartedMain] o.s.b.w.embedded.tomcat.TomcatWebServer  : Tomcat started on port(s): 8080 (http) with context path ''
2023-10-16T01:22:20.895+09:00  INFO 17788 --- [restartedMain] co.kr.lotteon.LotteOnApplication         : Started LotteOnApplication in 8.396 seconds (process running for 9.12)
2023-10-16T01:22:36.873+09:00  INFO 17788 --- [http-nio-8080-exec-1] o.a.c.c.C.[Tomcat].[localhost].[/]       : Initializing Spring DispatcherServlet 'dispatcherServlet'
2023-10-16T01:22:36.875+09:00  INFO 17788 --- [http-nio-8080-exec-1] o.s.web.servlet.DispatcherServlet        : Initializing Servlet 'dispatcherServlet'
2023-10-16T01:22:36.879+09:00  INFO 17788 --- [http-nio-8080-exec-1] o.s.web.servlet.DispatcherServlet        : Completed initialization in 4 ms
2023-10-16T01:22:36.902+09:00 DEBUG 17788 --- [http-nio-8080-exec-1] o.s.security.web.FilterChainProxy        : Securing GET /admin/product/list
2023-10-16T01:22:36.934+09:00 DEBUG 17788 --- [http-nio-8080-exec-1] o.s.security.web.FilterChainProxy        : Secured GET /admin/product/list
2023-10-16T01:22:37.729+09:00  WARN 17788 --- [http-nio-8080-exec-1] n.n.u.t.e.ExpressionProcessor            : Fragment expression "/admin/admin_layout" is being wrapped as a Thymeleaf 3 fragment expression (~{...}) for backwards compatibility purposes.  This wrapping will be dropped in the next major version of the expression processor, so please rewrite as a Thymeleaf 3 fragment expression to future-proof your code.  See https://github.com/thymeleaf/thymeleaf/issues/451 for more information.
2023-10-16T01:22:38.007+09:00  WARN 17788 --- [http-nio-8080-exec-1] actStandardFragmentInsertionTagProcessor : [THYMELEAF][http-nio-8080-exec-1][/admin/admin_layout] Deprecated unwrapped fragment expression "/fragments/admin/config :: configFragment" found in template /admin/admin_layout, line 8, col 15. Please use the complete syntax of fragment expressions instead ("~{/fragments/admin/config :: configFragment}"). The old, unwrapped syntax for fragment expressions will be removed in future versions of Thymeleaf.
2023-10-16T01:22:38.097+09:00  WARN 17788 --- [http-nio-8080-exec-1] actStandardFragmentInsertionTagProcessor : [THYMELEAF][http-nio-8080-exec-1][/admin/admin_layout] Deprecated unwrapped fragment expression "/fragments/admin/header :: headerFragment" found in template /admin/admin_layout, line 13, col 15. Please use the complete syntax of fragment expressions instead ("~{/fragments/admin/header :: headerFragment}"). The old, unwrapped syntax for fragment expressions will be removed in future versions of Thymeleaf.
2023-10-16T01:22:38.100+09:00  WARN 17788 --- [http-nio-8080-exec-1] actStandardFragmentInsertionTagProcessor : [THYMELEAF][http-nio-8080-exec-1][/admin/admin_layout] Deprecated unwrapped fragment expression "/fragments/admin/aside :: asideFragment" found in template /admin/admin_layout, line 17, col 19. Please use the complete syntax of fragment expressions instead ("~{/fragments/admin/aside :: asideFragment}"). The old, unwrapped syntax for fragment expressions will be removed in future versions of Thymeleaf.
2023-10-16T01:22:38.125+09:00  WARN 17788 --- [http-nio-8080-exec-1] actStandardFragmentInsertionTagProcessor : [THYMELEAF][http-nio-8080-exec-1][/admin/admin_layout] Deprecated unwrapped fragment expression "/fragments/admin/footer :: footerFragment" found in template /admin/admin_layout, line 21, col 15. Please use the complete syntax of fragment expressions instead ("~{/fragments/admin/footer :: footerFragment}"). The old, unwrapped syntax for fragment expressions will be removed in future versions of Thymeleaf.
2023-10-16T01:22:38.134+09:00 DEBUG 17788 --- [http-nio-8080-exec-1] o.s.s.w.a.AnonymousAuthenticationFilter  : Set SecurityContextHolder to anonymous SecurityContext
2023-10-16T01:22:38.171+09:00 DEBUG 17788 --- [http-nio-8080-exec-2] o.s.security.web.FilterChainProxy        : Securing GET /admin/js/gnb.js
2023-10-16T01:22:38.173+09:00 DEBUG 17788 --- [http-nio-8080-exec-4] o.s.security.web.FilterChainProxy        : Securing GET /admin/css/admin.css
2023-10-16T01:22:38.184+09:00 DEBUG 17788 --- [http-nio-8080-exec-4] o.s.security.web.FilterChainProxy        : Secured GET /admin/css/admin.css
2023-10-16T01:22:38.185+09:00 DEBUG 17788 --- [http-nio-8080-exec-2] o.s.security.web.FilterChainProxy        : Secured GET /admin/js/gnb.js
2023-10-16T01:22:38.212+09:00 DEBUG 17788 --- [http-nio-8080-exec-2] o.s.s.w.a.AnonymousAuthenticationFilter  : Set SecurityContextHolder to anonymous SecurityContext
2023-10-16T01:22:38.213+09:00 DEBUG 17788 --- [http-nio-8080-exec-4] o.s.s.w.a.AnonymousAuthenticationFilter  : Set SecurityContextHolder to anonymous SecurityContext
2023-10-16T01:22:38.217+09:00 DEBUG 17788 --- [http-nio-8080-exec-5] o.s.security.web.FilterChainProxy        : Securing GET /admin/images/admin_logo.png
2023-10-16T01:22:38.217+09:00 DEBUG 17788 --- [http-nio-8080-exec-3] o.s.security.web.FilterChainProxy        : Securing GET /static/admin/images/sample_thumb.jpg
2023-10-16T01:22:38.219+09:00 DEBUG 17788 --- [http-nio-8080-exec-5] o.s.security.web.FilterChainProxy        : Secured GET /admin/images/admin_logo.png
2023-10-16T01:22:38.225+09:00 DEBUG 17788 --- [http-nio-8080-exec-3] o.s.s.w.a.AnonymousAuthenticationFilter  : Set SecurityContextHolder to anonymous SecurityContext
2023-10-16T01:22:38.235+09:00 DEBUG 17788 --- [http-nio-8080-exec-5] o.s.s.w.a.AnonymousAuthenticationFilter  : Set SecurityContextHolder to anonymous SecurityContext
2023-10-16T01:22:38.259+09:00 DEBUG 17788 --- [http-nio-8080-exec-3] o.s.s.w.s.HttpSessionRequestCache        : Saved request http://localhost:8080/static/admin/images/sample_thumb.jpg?continue to session
2023-10-16T01:22:38.268+09:00 DEBUG 17788 --- [http-nio-8080-exec-3] o.s.s.web.DefaultRedirectStrategy        : Redirecting to http://localhost:8080/member/login
2023-10-16T01:22:38.283+09:00 DEBUG 17788 --- [http-nio-8080-exec-6] o.s.security.web.FilterChainProxy        : Securing GET /member/login
2023-10-16T01:22:38.284+09:00 DEBUG 17788 --- [http-nio-8080-exec-6] o.s.security.web.FilterChainProxy        : Secured GET /member/login
2023-10-16T01:22:38.299+09:00  WARN 17788 --- [http-nio-8080-exec-6] n.n.u.t.e.ExpressionProcessor            : Fragment expression "/member/_layout.html" is being wrapped as a Thymeleaf 3 fragment expression (~{...}) for backwards compatibility purposes.  This wrapping will be dropped in the next major version of the expression processor, so please rewrite as a Thymeleaf 3 fragment expression to future-proof your code.  See https://github.com/thymeleaf/thymeleaf/issues/451 for more information.
2023-10-16T01:22:38.305+09:00  WARN 17788 --- [http-nio-8080-exec-6] actStandardFragmentInsertionTagProcessor : [THYMELEAF][http-nio-8080-exec-6][/member/_layout.html] Deprecated unwrapped fragment expression "/fragments/config :: configFragment" found in template /member/_layout.html, line 8, col 13. Please use the complete syntax of fragment expressions instead ("~{/fragments/config :: configFragment}"). The old, unwrapped syntax for fragment expressions will be removed in future versions of Thymeleaf.
2023-10-16T01:22:38.309+09:00  WARN 17788 --- [http-nio-8080-exec-6] actStandardFragmentInsertionTagProcessor : [THYMELEAF][http-nio-8080-exec-6][/member/_layout.html] Deprecated unwrapped fragment expression "/fragments/header :: headerFragment" found in template /member/_layout.html, line 14, col 13. Please use the complete syntax of fragment expressions instead ("~{/fragments/header :: headerFragment}"). The old, unwrapped syntax for fragment expressions will be removed in future versions of Thymeleaf.
2023-10-16T01:22:38.319+09:00  WARN 17788 --- [http-nio-8080-exec-6] actStandardFragmentInsertionTagProcessor : [THYMELEAF][http-nio-8080-exec-6][/member/_layout.html] Deprecated unwrapped fragment expression "/fragments/footer :: footerFragment" found in template /member/_layout.html, line 18, col 13. Please use the complete syntax of fragment expressions instead ("~{/fragments/footer :: footerFragment}"). The old, unwrapped syntax for fragment expressions will be removed in future versions of Thymeleaf.
2023-10-16T01:22:38.322+09:00 DEBUG 17788 --- [http-nio-8080-exec-6] o.s.s.w.a.AnonymousAuthenticationFilter  : Set SecurityContextHolder to anonymous SecurityContext
2023-10-16T01:22:38.458+09:00 DEBUG 17788 --- [http-nio-8080-exec-7] o.s.security.web.FilterChainProxy        : Securing GET /static/admin/images/sample_thumb.jpg
2023-10-16T01:22:38.461+09:00 DEBUG 17788 --- [http-nio-8080-exec-8] o.s.security.web.FilterChainProxy        : Securing GET /admin/images/admin_bg_header.jpg
2023-10-16T01:22:38.461+09:00 DEBUG 17788 --- [http-nio-8080-exec-9] o.s.security.web.FilterChainProxy        : Securing GET /admin/images/admin_bg_aside.jpg
2023-10-16T01:22:38.463+09:00 DEBUG 17788 --- [http-nio-8080-exec-8] o.s.security.web.FilterChainProxy        : Secured GET /admin/images/admin_bg_header.jpg
2023-10-16T01:22:38.464+09:00 DEBUG 17788 --- [http-nio-8080-exec-9] o.s.security.web.FilterChainProxy        : Secured GET /admin/images/admin_bg_aside.jpg
2023-10-16T01:22:38.466+09:00 DEBUG 17788 --- [http-nio-8080-exec-7] o.s.s.w.a.AnonymousAuthenticationFilter  : Set SecurityContextHolder to anonymous SecurityContext
2023-10-16T01:22:38.469+09:00 DEBUG 17788 --- [http-nio-8080-exec-7] o.s.s.w.s.HttpSessionRequestCache        : Saved request http://localhost:8080/static/admin/images/sample_thumb.jpg?continue to session
2023-10-16T01:22:38.470+09:00 DEBUG 17788 --- [http-nio-8080-exec-7] o.s.s.web.DefaultRedirectStrategy        : Redirecting to http://localhost:8080/member/login
2023-10-16T01:22:38.471+09:00 DEBUG 17788 --- [http-nio-8080-exec-10] o.s.security.web.FilterChainProxy        : Securing GET /admin/images/admin_ico_info.png
2023-10-16T01:22:38.473+09:00 DEBUG 17788 --- [http-nio-8080-exec-10] o.s.security.web.FilterChainProxy        : Secured GET /admin/images/admin_ico_info.png
2023-10-16T01:22:38.475+09:00 DEBUG 17788 --- [http-nio-8080-exec-8] o.s.s.w.a.AnonymousAuthenticationFilter  : Set SecurityContextHolder to anonymous SecurityContext
2023-10-16T01:22:38.480+09:00 DEBUG 17788 --- [http-nio-8080-exec-9] o.s.s.w.a.AnonymousAuthenticationFilter  : Set SecurityContextHolder to anonymous SecurityContext
2023-10-16T01:22:38.488+09:00 DEBUG 17788 --- [http-nio-8080-exec-10] o.s.s.w.a.AnonymousAuthenticationFilter  : Set SecurityContextHolder to anonymous SecurityContext
2023-10-16T01:22:38.562+09:00 DEBUG 17788 --- [http-nio-8080-exec-1] o.s.security.web.FilterChainProxy        : Securing GET /member/login
2023-10-16T01:22:38.565+09:00 DEBUG 17788 --- [http-nio-8080-exec-1] o.s.security.web.FilterChainProxy        : Secured GET /member/login
2023-10-16T01:22:38.599+09:00  WARN 17788 --- [http-nio-8080-exec-1] actStandardFragmentInsertionTagProcessor : [THYMELEAF][http-nio-8080-exec-1][/member/_layout.html] Deprecated unwrapped fragment expression "/fragments/config :: configFragment" found in template /member/_layout.html, line 8, col 13. Please use the complete syntax of fragment expressions instead ("~{/fragments/config :: configFragment}"). The old, unwrapped syntax for fragment expressions will be removed in future versions of Thymeleaf.
2023-10-16T01:22:38.606+09:00  WARN 17788 --- [http-nio-8080-exec-1] actStandardFragmentInsertionTagProcessor : [THYMELEAF][http-nio-8080-exec-1][/member/_layout.html] Deprecated unwrapped fragment expression "/fragments/header :: headerFragment" found in template /member/_layout.html, line 14, col 13. Please use the complete syntax of fragment expressions instead ("~{/fragments/header :: headerFragment}"). The old, unwrapped syntax for fragment expressions will be removed in future versions of Thymeleaf.
2023-10-16T01:22:38.613+09:00  WARN 17788 --- [http-nio-8080-exec-1] actStandardFragmentInsertionTagProcessor : [THYMELEAF][http-nio-8080-exec-1][/member/_layout.html] Deprecated unwrapped fragment expression "/fragments/footer :: footerFragment" found in template /member/_layout.html, line 18, col 13. Please use the complete syntax of fragment expressions instead ("~{/fragments/footer :: footerFragment}"). The old, unwrapped syntax for fragment expressions will be removed in future versions of Thymeleaf.
2023-10-16T01:22:38.622+09:00 DEBUG 17788 --- [http-nio-8080-exec-1] o.s.s.w.a.AnonymousAuthenticationFilter  : Set SecurityContextHolder to anonymous SecurityContext
2023-10-16T01:22:38.652+09:00 DEBUG 17788 --- [http-nio-8080-exec-2] o.s.security.web.FilterChainProxy        : Securing GET /favicon.ico
2023-10-16T01:22:38.662+09:00 DEBUG 17788 --- [http-nio-8080-exec-2] o.s.s.w.a.AnonymousAuthenticationFilter  : Set SecurityContextHolder to anonymous SecurityContext
2023-10-16T01:22:38.663+09:00 DEBUG 17788 --- [http-nio-8080-exec-2] o.s.s.web.DefaultRedirectStrategy        : Redirecting to http://localhost:8080/member/login
2023-10-16T01:22:38.667+09:00 DEBUG 17788 --- [http-nio-8080-exec-4] o.s.security.web.FilterChainProxy        : Securing GET /member/login
2023-10-16T01:22:38.667+09:00 DEBUG 17788 --- [http-nio-8080-exec-4] o.s.security.web.FilterChainProxy        : Secured GET /member/login
2023-10-16T01:22:38.690+09:00  WARN 17788 --- [http-nio-8080-exec-4] actStandardFragmentInsertionTagProcessor : [THYMELEAF][http-nio-8080-exec-4][/member/_layout.html] Deprecated unwrapped fragment expression "/fragments/config :: configFragment" found in template /member/_layout.html, line 8, col 13. Please use the complete syntax of fragment expressions instead ("~{/fragments/config :: configFragment}"). The old, unwrapped syntax for fragment expressions will be removed in future versions of Thymeleaf.
2023-10-16T01:22:38.693+09:00  WARN 17788 --- [http-nio-8080-exec-4] actStandardFragmentInsertionTagProcessor : [THYMELEAF][http-nio-8080-exec-4][/member/_layout.html] Deprecated unwrapped fragment expression "/fragments/header :: headerFragment" found in template /member/_layout.html, line 14, col 13. Please use the complete syntax of fragment expressions instead ("~{/fragments/header :: headerFragment}"). The old, unwrapped syntax for fragment expressions will be removed in future versions of Thymeleaf.
2023-10-16T01:22:38.701+09:00  WARN 17788 --- [http-nio-8080-exec-4] actStandardFragmentInsertionTagProcessor : [THYMELEAF][http-nio-8080-exec-4][/member/_layout.html] Deprecated unwrapped fragment expression "/fragments/footer :: footerFragment" found in template /member/_layout.html, line 18, col 13. Please use the complete syntax of fragment expressions instead ("~{/fragments/footer :: footerFragment}"). The old, unwrapped syntax for fragment expressions will be removed in future versions of Thymeleaf.
2023-10-16T01:22:38.704+09:00 DEBUG 17788 --- [http-nio-8080-exec-4] o.s.s.w.a.AnonymousAuthenticationFilter  : Set SecurityContextHolder to anonymous SecurityContext
2023-10-16T01:22:46.902+09:00 DEBUG 17788 --- [http-nio-8080-exec-5] o.s.security.web.FilterChainProxy        : Securing GET /favicon.ico
2023-10-16T01:22:46.906+09:00 DEBUG 17788 --- [http-nio-8080-exec-5] o.s.s.w.a.AnonymousAuthenticationFilter  : Set SecurityContextHolder to anonymous SecurityContext
2023-10-16T01:22:46.907+09:00 DEBUG 17788 --- [http-nio-8080-exec-5] o.s.s.web.DefaultRedirectStrategy        : Redirecting to http://localhost:8080/member/login
2023-10-16T01:22:46.913+09:00 DEBUG 17788 --- [http-nio-8080-exec-3] o.s.security.web.FilterChainProxy        : Securing GET /member/login
2023-10-16T01:22:46.916+09:00 DEBUG 17788 --- [http-nio-8080-exec-3] o.s.security.web.FilterChainProxy        : Secured GET /member/login
2023-10-16T01:22:46.927+09:00  WARN 17788 --- [http-nio-8080-exec-3] actStandardFragmentInsertionTagProcessor : [THYMELEAF][http-nio-8080-exec-3][/member/_layout.html] Deprecated unwrapped fragment expression "/fragments/config :: configFragment" found in template /member/_layout.html, line 8, col 13. Please use the complete syntax of fragment expressions instead ("~{/fragments/config :: configFragment}"). The old, unwrapped syntax for fragment expressions will be removed in future versions of Thymeleaf.
2023-10-16T01:22:46.930+09:00  WARN 17788 --- [http-nio-8080-exec-3] actStandardFragmentInsertionTagProcessor : [THYMELEAF][http-nio-8080-exec-3][/member/_layout.html] Deprecated unwrapped fragment expression "/fragments/header :: headerFragment" found in template /member/_layout.html, line 14, col 13. Please use the complete syntax of fragment expressions instead ("~{/fragments/header :: headerFragment}"). The old, unwrapped syntax for fragment expressions will be removed in future versions of Thymeleaf.
2023-10-16T01:22:46.932+09:00  WARN 17788 --- [http-nio-8080-exec-3] actStandardFragmentInsertionTagProcessor : [THYMELEAF][http-nio-8080-exec-3][/member/_layout.html] Deprecated unwrapped fragment expression "/fragments/footer :: footerFragment" found in template /member/_layout.html, line 18, col 13. Please use the complete syntax of fragment expressions instead ("~{/fragments/footer :: footerFragment}"). The old, unwrapped syntax for fragment expressions will be removed in future versions of Thymeleaf.
2023-10-16T01:22:46.934+09:00 DEBUG 17788 --- [http-nio-8080-exec-3] o.s.s.w.a.AnonymousAuthenticationFilter  : Set SecurityContextHolder to anonymous SecurityContext
2023-10-16T01:22:56.908+09:00 DEBUG 17788 --- [http-nio-8080-exec-6] o.s.security.web.FilterChainProxy        : Securing GET /admin/product/register
2023-10-16T01:22:56.910+09:00 DEBUG 17788 --- [http-nio-8080-exec-6] o.s.security.web.FilterChainProxy        : Secured GET /admin/product/register
2023-10-16T01:22:56.944+09:00  WARN 17788 --- [http-nio-8080-exec-6] actStandardFragmentInsertionTagProcessor : [THYMELEAF][http-nio-8080-exec-6][/admin/admin_layout] Deprecated unwrapped fragment expression "/fragments/admin/config :: configFragment" found in template /admin/admin_layout, line 8, col 15. Please use the complete syntax of fragment expressions instead ("~{/fragments/admin/config :: configFragment}"). The old, unwrapped syntax for fragment expressions will be removed in future versions of Thymeleaf.
2023-10-16T01:22:56.946+09:00  WARN 17788 --- [http-nio-8080-exec-6] actStandardFragmentInsertionTagProcessor : [THYMELEAF][http-nio-8080-exec-6][/admin/admin_layout] Deprecated unwrapped fragment expression "/fragments/admin/header :: headerFragment" found in template /admin/admin_layout, line 13, col 15. Please use the complete syntax of fragment expressions instead ("~{/fragments/admin/header :: headerFragment}"). The old, unwrapped syntax for fragment expressions will be removed in future versions of Thymeleaf.
2023-10-16T01:22:56.948+09:00  WARN 17788 --- [http-nio-8080-exec-6] actStandardFragmentInsertionTagProcessor : [THYMELEAF][http-nio-8080-exec-6][/admin/admin_layout] Deprecated unwrapped fragment expression "/fragments/admin/aside :: asideFragment" found in template /admin/admin_layout, line 17, col 19. Please use the complete syntax of fragment expressions instead ("~{/fragments/admin/aside :: asideFragment}"). The old, unwrapped syntax for fragment expressions will be removed in future versions of Thymeleaf.
2023-10-16T01:22:56.958+09:00  WARN 17788 --- [http-nio-8080-exec-6] actStandardFragmentInsertionTagProcessor : [THYMELEAF][http-nio-8080-exec-6][/admin/admin_layout] Deprecated unwrapped fragment expression "/fragments/admin/footer :: footerFragment" found in template /admin/admin_layout, line 21, col 15. Please use the complete syntax of fragment expressions instead ("~{/fragments/admin/footer :: footerFragment}"). The old, unwrapped syntax for fragment expressions will be removed in future versions of Thymeleaf.
2023-10-16T01:22:56.961+09:00 DEBUG 17788 --- [http-nio-8080-exec-6] o.s.s.w.a.AnonymousAuthenticationFilter  : Set SecurityContextHolder to anonymous SecurityContext
2023-10-16T01:22:56.989+09:00 DEBUG 17788 --- [http-nio-8080-exec-7] o.s.security.web.FilterChainProxy        : Securing GET /admin/js/gnb.js
2023-10-16T01:22:56.989+09:00 DEBUG 17788 --- [http-nio-8080-exec-8] o.s.security.web.FilterChainProxy        : Securing GET /admin/css/admin.css
2023-10-16T01:22:56.991+09:00 DEBUG 17788 --- [http-nio-8080-exec-8] o.s.security.web.FilterChainProxy        : Secured GET /admin/css/admin.css
2023-10-16T01:22:56.991+09:00 DEBUG 17788 --- [http-nio-8080-exec-7] o.s.security.web.FilterChainProxy        : Secured GET /admin/js/gnb.js
2023-10-16T01:22:57.002+09:00 DEBUG 17788 --- [http-nio-8080-exec-7] o.s.s.w.a.AnonymousAuthenticationFilter  : Set SecurityContextHolder to anonymous SecurityContext
2023-10-16T01:22:57.002+09:00 DEBUG 17788 --- [http-nio-8080-exec-8] o.s.s.w.a.AnonymousAuthenticationFilter  : Set SecurityContextHolder to anonymous SecurityContext
2023-10-16T01:22:57.006+09:00 DEBUG 17788 --- [http-nio-8080-exec-9] o.s.security.web.FilterChainProxy        : Securing GET /admin/images/admin_logo.png
2023-10-16T01:22:57.012+09:00 DEBUG 17788 --- [http-nio-8080-exec-9] o.s.security.web.FilterChainProxy        : Secured GET /admin/images/admin_logo.png
2023-10-16T01:22:57.016+09:00 DEBUG 17788 --- [http-nio-8080-exec-9] o.s.s.w.a.AnonymousAuthenticationFilter  : Set SecurityContextHolder to anonymous SecurityContext
2023-10-16T01:22:57.030+09:00 DEBUG 17788 --- [http-nio-8080-exec-10] o.s.security.web.FilterChainProxy        : Securing GET /admin/images/admin_bg_header.jpg
2023-10-16T01:22:57.030+09:00 DEBUG 17788 --- [http-nio-8080-exec-1] o.s.security.web.FilterChainProxy        : Securing GET /admin/images/admin_bg_aside.jpg
2023-10-16T01:22:57.031+09:00 DEBUG 17788 --- [http-nio-8080-exec-10] o.s.security.web.FilterChainProxy        : Secured GET /admin/images/admin_bg_header.jpg
2023-10-16T01:22:57.031+09:00 DEBUG 17788 --- [http-nio-8080-exec-1] o.s.security.web.FilterChainProxy        : Secured GET /admin/images/admin_bg_aside.jpg
2023-10-16T01:22:57.031+09:00 DEBUG 17788 --- [http-nio-8080-exec-2] o.s.security.web.FilterChainProxy        : Securing GET /admin/images/admin_ico_alert.png
2023-10-16T01:22:57.032+09:00 DEBUG 17788 --- [http-nio-8080-exec-2] o.s.security.web.FilterChainProxy        : Secured GET /admin/images/admin_ico_alert.png
2023-10-16T01:22:57.038+09:00 DEBUG 17788 --- [http-nio-8080-exec-10] o.s.s.w.a.AnonymousAuthenticationFilter  : Set SecurityContextHolder to anonymous SecurityContext
2023-10-16T01:22:57.038+09:00 DEBUG 17788 --- [http-nio-8080-exec-1] o.s.s.w.a.AnonymousAuthenticationFilter  : Set SecurityContextHolder to anonymous SecurityContext
2023-10-16T01:22:57.040+09:00 DEBUG 17788 --- [http-nio-8080-exec-2] o.s.s.w.a.AnonymousAuthenticationFilter  : Set SecurityContextHolder to anonymous SecurityContext
2023-10-16T01:22:57.119+09:00 DEBUG 17788 --- [http-nio-8080-exec-4] o.s.security.web.FilterChainProxy        : Securing GET /favicon.ico
2023-10-16T01:22:57.127+09:00 DEBUG 17788 --- [http-nio-8080-exec-4] o.s.s.w.a.AnonymousAuthenticationFilter  : Set SecurityContextHolder to anonymous SecurityContext
2023-10-16T01:22:57.129+09:00 DEBUG 17788 --- [http-nio-8080-exec-4] o.s.s.web.DefaultRedirectStrategy        : Redirecting to http://localhost:8080/member/login
2023-10-16T01:22:57.143+09:00 DEBUG 17788 --- [http-nio-8080-exec-5] o.s.security.web.FilterChainProxy        : Securing GET /member/login
2023-10-16T01:22:57.146+09:00 DEBUG 17788 --- [http-nio-8080-exec-5] o.s.security.web.FilterChainProxy        : Secured GET /member/login
2023-10-16T01:22:57.164+09:00  WARN 17788 --- [http-nio-8080-exec-5] actStandardFragmentInsertionTagProcessor : [THYMELEAF][http-nio-8080-exec-5][/member/_layout.html] Deprecated unwrapped fragment expression "/fragments/config :: configFragment" found in template /member/_layout.html, line 8, col 13. Please use the complete syntax of fragment expressions instead ("~{/fragments/config :: configFragment}"). The old, unwrapped syntax for fragment expressions will be removed in future versions of Thymeleaf.
2023-10-16T01:22:57.167+09:00  WARN 17788 --- [http-nio-8080-exec-5] actStandardFragmentInsertionTagProcessor : [THYMELEAF][http-nio-8080-exec-5][/member/_layout.html] Deprecated unwrapped fragment expression "/fragments/header :: headerFragment" found in template /member/_layout.html, line 14, col 13. Please use the complete syntax of fragment expressions instead ("~{/fragments/header :: headerFragment}"). The old, unwrapped syntax for fragment expressions will be removed in future versions of Thymeleaf.
2023-10-16T01:22:57.174+09:00  WARN 17788 --- [http-nio-8080-exec-5] actStandardFragmentInsertionTagProcessor : [THYMELEAF][http-nio-8080-exec-5][/member/_layout.html] Deprecated unwrapped fragment expression "/fragments/footer :: footerFragment" found in template /member/_layout.html, line 18, col 13. Please use the complete syntax of fragment expressions instead ("~{/fragments/footer :: footerFragment}"). The old, unwrapped syntax for fragment expressions will be removed in future versions of Thymeleaf.
2023-10-16T01:22:57.178+09:00 DEBUG 17788 --- [http-nio-8080-exec-5] o.s.s.w.a.AnonymousAuthenticationFilter  : Set SecurityContextHolder to anonymous SecurityContext
2023-10-16T01:22:59.892+09:00 DEBUG 17788 --- [http-nio-8080-exec-3] o.s.security.web.FilterChainProxy        : Securing GET /admin/product/list
2023-10-16T01:22:59.892+09:00 DEBUG 17788 --- [http-nio-8080-exec-3] o.s.security.web.FilterChainProxy        : Secured GET /admin/product/list
2023-10-16T01:22:59.911+09:00  WARN 17788 --- [http-nio-8080-exec-3] actStandardFragmentInsertionTagProcessor : [THYMELEAF][http-nio-8080-exec-3][/admin/admin_layout] Deprecated unwrapped fragment expression "/fragments/admin/config :: configFragment" found in template /admin/admin_layout, line 8, col 15. Please use the complete syntax of fragment expressions instead ("~{/fragments/admin/config :: configFragment}"). The old, unwrapped syntax for fragment expressions will be removed in future versions of Thymeleaf.
2023-10-16T01:22:59.914+09:00  WARN 17788 --- [http-nio-8080-exec-3] actStandardFragmentInsertionTagProcessor : [THYMELEAF][http-nio-8080-exec-3][/admin/admin_layout] Deprecated unwrapped fragment expression "/fragments/admin/header :: headerFragment" found in template /admin/admin_layout, line 13, col 15. Please use the complete syntax of fragment expressions instead ("~{/fragments/admin/header :: headerFragment}"). The old, unwrapped syntax for fragment expressions will be removed in future versions of Thymeleaf.
2023-10-16T01:22:59.916+09:00  WARN 17788 --- [http-nio-8080-exec-3] actStandardFragmentInsertionTagProcessor : [THYMELEAF][http-nio-8080-exec-3][/admin/admin_layout] Deprecated unwrapped fragment expression "/fragments/admin/aside :: asideFragment" found in template /admin/admin_layout, line 17, col 19. Please use the complete syntax of fragment expressions instead ("~{/fragments/admin/aside :: asideFragment}"). The old, unwrapped syntax for fragment expressions will be removed in future versions of Thymeleaf.
2023-10-16T01:22:59.928+09:00  WARN 17788 --- [http-nio-8080-exec-3] actStandardFragmentInsertionTagProcessor : [THYMELEAF][http-nio-8080-exec-3][/admin/admin_layout] Deprecated unwrapped fragment expression "/fragments/admin/footer :: footerFragment" found in template /admin/admin_layout, line 21, col 15. Please use the complete syntax of fragment expressions instead ("~{/fragments/admin/footer :: footerFragment}"). The old, unwrapped syntax for fragment expressions will be removed in future versions of Thymeleaf.
2023-10-16T01:22:59.930+09:00 DEBUG 17788 --- [http-nio-8080-exec-3] o.s.s.w.a.AnonymousAuthenticationFilter  : Set SecurityContextHolder to anonymous SecurityContext
2023-10-16T01:22:59.962+09:00 DEBUG 17788 --- [http-nio-8080-exec-6] o.s.security.web.FilterChainProxy        : Securing GET /admin/js/gnb.js
2023-10-16T01:22:59.962+09:00 DEBUG 17788 --- [http-nio-8080-exec-7] o.s.security.web.FilterChainProxy        : Securing GET /admin/css/admin.css
2023-10-16T01:22:59.963+09:00 DEBUG 17788 --- [http-nio-8080-exec-6] o.s.security.web.FilterChainProxy        : Secured GET /admin/js/gnb.js
2023-10-16T01:22:59.963+09:00 DEBUG 17788 --- [http-nio-8080-exec-7] o.s.security.web.FilterChainProxy        : Secured GET /admin/css/admin.css
2023-10-16T01:22:59.975+09:00 DEBUG 17788 --- [http-nio-8080-exec-6] o.s.s.w.a.AnonymousAuthenticationFilter  : Set SecurityContextHolder to anonymous SecurityContext
2023-10-16T01:22:59.975+09:00 DEBUG 17788 --- [http-nio-8080-exec-7] o.s.s.w.a.AnonymousAuthenticationFilter  : Set SecurityContextHolder to anonymous SecurityContext
2023-10-16T01:22:59.978+09:00 DEBUG 17788 --- [http-nio-8080-exec-8] o.s.security.web.FilterChainProxy        : Securing GET /admin/images/admin_logo.png
2023-10-16T01:22:59.979+09:00 DEBUG 17788 --- [http-nio-8080-exec-8] o.s.security.web.FilterChainProxy        : Secured GET /admin/images/admin_logo.png
2023-10-16T01:22:59.980+09:00 DEBUG 17788 --- [http-nio-8080-exec-9] o.s.security.web.FilterChainProxy        : Securing GET /static/admin/images/sample_thumb.jpg
2023-10-16T01:22:59.981+09:00 DEBUG 17788 --- [http-nio-8080-exec-9] o.s.s.w.a.AnonymousAuthenticationFilter  : Set SecurityContextHolder to anonymous SecurityContext
2023-10-16T01:22:59.985+09:00 DEBUG 17788 --- [http-nio-8080-exec-9] o.s.s.w.s.HttpSessionRequestCache        : Saved request http://localhost:8080/static/admin/images/sample_thumb.jpg?continue to session
2023-10-16T01:22:59.988+09:00 DEBUG 17788 --- [http-nio-8080-exec-9] o.s.s.web.DefaultRedirectStrategy        : Redirecting to http://localhost:8080/member/login
2023-10-16T01:22:59.992+09:00 DEBUG 17788 --- [http-nio-8080-exec-8] o.s.s.w.a.AnonymousAuthenticationFilter  : Set SecurityContextHolder to anonymous SecurityContext
2023-10-16T01:23:00.011+09:00 DEBUG 17788 --- [http-nio-8080-exec-1] o.s.security.web.FilterChainProxy        : Securing GET /member/login
2023-10-16T01:23:00.011+09:00 DEBUG 17788 --- [http-nio-8080-exec-1] o.s.security.web.FilterChainProxy        : Secured GET /member/login
2023-10-16T01:23:00.013+09:00 DEBUG 17788 --- [http-nio-8080-exec-10] o.s.security.web.FilterChainProxy        : Securing GET /admin/images/admin_bg_header.jpg
2023-10-16T01:23:00.013+09:00 DEBUG 17788 --- [http-nio-8080-exec-2] o.s.security.web.FilterChainProxy        : Securing GET /admin/images/admin_bg_aside.jpg
2023-10-16T01:23:00.014+09:00 DEBUG 17788 --- [http-nio-8080-exec-10] o.s.security.web.FilterChainProxy        : Secured GET /admin/images/admin_bg_header.jpg
2023-10-16T01:23:00.014+09:00 DEBUG 17788 --- [http-nio-8080-exec-2] o.s.security.web.FilterChainProxy        : Secured GET /admin/images/admin_bg_aside.jpg
2023-10-16T01:23:00.016+09:00 DEBUG 17788 --- [http-nio-8080-exec-4] o.s.security.web.FilterChainProxy        : Securing GET /admin/images/admin_ico_info.png
2023-10-16T01:23:00.017+09:00 DEBUG 17788 --- [http-nio-8080-exec-4] o.s.security.web.FilterChainProxy        : Secured GET /admin/images/admin_ico_info.png
2023-10-16T01:23:00.022+09:00 DEBUG 17788 --- [http-nio-8080-exec-10] o.s.s.w.a.AnonymousAuthenticationFilter  : Set SecurityContextHolder to anonymous SecurityContext
2023-10-16T01:23:00.022+09:00 DEBUG 17788 --- [http-nio-8080-exec-2] o.s.s.w.a.AnonymousAuthenticationFilter  : Set SecurityContextHolder to anonymous SecurityContext
2023-10-16T01:23:00.040+09:00  WARN 17788 --- [http-nio-8080-exec-1] actStandardFragmentInsertionTagProcessor : [THYMELEAF][http-nio-8080-exec-1][/member/_layout.html] Deprecated unwrapped fragment expression "/fragments/config :: configFragment" found in template /member/_layout.html, line 8, col 13. Please use the complete syntax of fragment expressions instead ("~{/fragments/config :: configFragment}"). The old, unwrapped syntax for fragment expressions will be removed in future versions of Thymeleaf.
2023-10-16T01:23:00.042+09:00 DEBUG 17788 --- [http-nio-8080-exec-4] o.s.s.w.a.AnonymousAuthenticationFilter  : Set SecurityContextHolder to anonymous SecurityContext
2023-10-16T01:23:00.050+09:00  WARN 17788 --- [http-nio-8080-exec-1] actStandardFragmentInsertionTagProcessor : [THYMELEAF][http-nio-8080-exec-1][/member/_layout.html] Deprecated unwrapped fragment expression "/fragments/header :: headerFragment" found in template /member/_layout.html, line 14, col 13. Please use the complete syntax of fragment expressions instead ("~{/fragments/header :: headerFragment}"). The old, unwrapped syntax for fragment expressions will be removed in future versions of Thymeleaf.
2023-10-16T01:23:00.067+09:00  WARN 17788 --- [http-nio-8080-exec-1] actStandardFragmentInsertionTagProcessor : [THYMELEAF][http-nio-8080-exec-1][/member/_layout.html] Deprecated unwrapped fragment expression "/fragments/footer :: footerFragment" found in template /member/_layout.html, line 18, col 13. Please use the complete syntax of fragment expressions instead ("~{/fragments/footer :: footerFragment}"). The old, unwrapped syntax for fragment expressions will be removed in future versions of Thymeleaf.
2023-10-16T01:23:00.080+09:00 DEBUG 17788 --- [http-nio-8080-exec-1] o.s.s.w.a.AnonymousAuthenticationFilter  : Set SecurityContextHolder to anonymous SecurityContext
2023-10-16T01:23:00.144+09:00 DEBUG 17788 --- [http-nio-8080-exec-5] o.s.security.web.FilterChainProxy        : Securing GET /favicon.ico
2023-10-16T01:23:00.149+09:00 DEBUG 17788 --- [http-nio-8080-exec-5] o.s.s.w.a.AnonymousAuthenticationFilter  : Set SecurityContextHolder to anonymous SecurityContext
2023-10-16T01:23:00.149+09:00 DEBUG 17788 --- [http-nio-8080-exec-5] o.s.s.web.DefaultRedirectStrategy        : Redirecting to http://localhost:8080/member/login
2023-10-16T01:23:00.154+09:00 DEBUG 17788 --- [http-nio-8080-exec-3] o.s.security.web.FilterChainProxy        : Securing GET /member/login
2023-10-16T01:23:00.155+09:00 DEBUG 17788 --- [http-nio-8080-exec-3] o.s.security.web.FilterChainProxy        : Secured GET /member/login
2023-10-16T01:23:00.178+09:00  WARN 17788 --- [http-nio-8080-exec-3] actStandardFragmentInsertionTagProcessor : [THYMELEAF][http-nio-8080-exec-3][/member/_layout.html] Deprecated unwrapped fragment expression "/fragments/config :: configFragment" found in template /member/_layout.html, line 8, col 13. Please use the complete syntax of fragment expressions instead ("~{/fragments/config :: configFragment}"). The old, unwrapped syntax for fragment expressions will be removed in future versions of Thymeleaf.
2023-10-16T01:23:00.181+09:00  WARN 17788 --- [http-nio-8080-exec-3] actStandardFragmentInsertionTagProcessor : [THYMELEAF][http-nio-8080-exec-3][/member/_layout.html] Deprecated unwrapped fragment expression "/fragments/header :: headerFragment" found in template /member/_layout.html, line 14, col 13. Please use the complete syntax of fragment expressions instead ("~{/fragments/header :: headerFragment}"). The old, unwrapped syntax for fragment expressions will be removed in future versions of Thymeleaf.
2023-10-16T01:23:00.188+09:00  WARN 17788 --- [http-nio-8080-exec-3] actStandardFragmentInsertionTagProcessor : [THYMELEAF][http-nio-8080-exec-3][/member/_layout.html] Deprecated unwrapped fragment expression "/fragments/footer :: footerFragment" found in template /member/_layout.html, line 18, col 13. Please use the complete syntax of fragment expressions instead ("~{/fragments/footer :: footerFragment}"). The old, unwrapped syntax for fragment expressions will be removed in future versions of Thymeleaf.
2023-10-16T01:23:00.190+09:00 DEBUG 17788 --- [http-nio-8080-exec-3] o.s.s.w.a.AnonymousAuthenticationFilter  : Set SecurityContextHolder to anonymous SecurityContext
2023-10-16T01:26:34.524+09:00  INFO 17788 --- [File Watcher] rtingClassPathChangeChangedEventListener : Restarting due to 113 class path changes (9 additions, 2 deletions, 102 modifications)
2023-10-16T01:26:34.541+09:00  INFO 17788 --- [Thread-5] o.apache.catalina.core.StandardService   : Stopping service [Tomcat]
2023-10-16T01:26:34.543+09:00  INFO 17788 --- [Thread-5] o.a.c.c.C.[Tomcat].[localhost].[/]       : Destroying Spring FrameworkServlet 'dispatcherServlet'
2023-10-16T01:26:34.556+09:00  INFO 17788 --- [Thread-5] j.LocalContainerEntityManagerFactoryBean : Closing JPA EntityManagerFactory for persistence unit 'default'
2023-10-16T01:26:34.559+09:00  INFO 17788 --- [Thread-5] com.zaxxer.hikari.HikariDataSource       : HikariPool-1 - Shutdown initiated...
2023-10-16T01:26:36.111+09:00  INFO 17788 --- [Thread-5] com.zaxxer.hikari.HikariDataSource       : HikariPool-1 - Shutdown completed.
2023-10-16T01:26:36.208+09:00  INFO 17788 --- [restartedMain] co.kr.lotteon.LotteOnApplication         : Starting LotteOnApplication using Java 17.0.8 with PID 17788 (C:\Users\SOO\Desktop\Workspace\Spring\LotteON3\build\classes\java\main started by SOO in C:\Users\SOO\Desktop\Workspace\Spring\LotteON3)
2023-10-16T01:26:36.208+09:00  INFO 17788 --- [restartedMain] co.kr.lotteon.LotteOnApplication         : No active profile set, falling back to 1 default profile: "default"
2023-10-16T01:26:36.471+09:00  INFO 17788 --- [restartedMain] .s.d.r.c.RepositoryConfigurationDelegate : Bootstrapping Spring Data JPA repositories in DEFAULT mode.
2023-10-16T01:26:36.487+09:00  INFO 17788 --- [restartedMain] .s.d.r.c.RepositoryConfigurationDelegate : Finished Spring Data repository scanning in 15 ms. Found 2 JPA repository interfaces.
2023-10-16T01:26:36.531+09:00  WARN 17788 --- [restartedMain] o.m.s.mapper.ClassPathMapperScanner      : No MyBatis mapper was found in '[co.kr.lotteon]' package. Please check your configuration.
2023-10-16T01:26:36.583+09:00  INFO 17788 --- [restartedMain] o.s.b.w.embedded.tomcat.TomcatWebServer  : Tomcat initialized with port(s): 8080 (http)
2023-10-16T01:26:36.583+09:00  INFO 17788 --- [restartedMain] o.apache.catalina.core.StandardService   : Starting service [Tomcat]
2023-10-16T01:26:36.583+09:00  INFO 17788 --- [restartedMain] o.apache.catalina.core.StandardEngine    : Starting Servlet engine: [Apache Tomcat/10.1.13]
2023-10-16T01:26:36.615+09:00  INFO 17788 --- [restartedMain] o.a.c.c.C.[Tomcat].[localhost].[/]       : Initializing Spring embedded WebApplicationContext
2023-10-16T01:26:36.615+09:00  INFO 17788 --- [restartedMain] w.s.c.ServletWebServerApplicationContext : Root WebApplicationContext: initialization completed in 401 ms
2023-10-16T01:26:36.649+09:00  INFO 17788 --- [restartedMain] o.hibernate.jpa.internal.util.LogHelper  : HHH000204: Processing PersistenceUnitInfo [name: default]
2023-10-16T01:26:36.658+09:00  INFO 17788 --- [restartedMain] o.h.b.i.BytecodeProviderInitiator        : HHH000021: Bytecode provider name : bytebuddy
2023-10-16T01:26:36.658+09:00  INFO 17788 --- [restartedMain] o.s.o.j.p.SpringPersistenceUnitInfo      : No LoadTimeWeaver setup: ignoring JPA class transformer
2023-10-16T01:26:36.659+09:00  INFO 17788 --- [restartedMain] com.zaxxer.hikari.HikariDataSource       : HikariPool-2 - Starting...
2023-10-16T01:26:38.385+09:00  INFO 17788 --- [restartedMain] com.zaxxer.hikari.pool.HikariPool        : HikariPool-2 - Added connection com.mysql.cj.jdbc.ConnectionImpl@3eee28df
2023-10-16T01:26:38.385+09:00  INFO 17788 --- [restartedMain] com.zaxxer.hikari.HikariDataSource       : HikariPool-2 - Start completed.
2023-10-16T01:26:38.386+09:00  WARN 17788 --- [restartedMain] org.hibernate.orm.deprecation            : HHH90000026: MySQL57Dialect has been deprecated; use org.hibernate.dialect.MySQLDialect instead
2023-10-16T01:26:38.450+09:00  INFO 17788 --- [restartedMain] o.h.b.i.BytecodeProviderInitiator        : HHH000021: Bytecode provider name : bytebuddy
2023-10-16T01:26:38.455+09:00  WARN 17788 --- [restartedMain] org.hibernate.mapping.RootClass          : HHH000038: Composite-id class does not override equals(): co.kr.lotteon.entity.LtProductCate2Entity
2023-10-16T01:26:38.455+09:00  WARN 17788 --- [restartedMain] org.hibernate.mapping.RootClass          : HHH000039: Composite-id class does not override hashCode(): co.kr.lotteon.entity.LtProductCate2Entity
2023-10-16T01:26:38.455+09:00  WARN 17788 --- [restartedMain] org.hibernate.mapping.RootClass          : HHH000038: Composite-id class does not override equals(): co.kr.lotteon.entity.LtCsCate2DTO
2023-10-16T01:26:38.455+09:00  WARN 17788 --- [restartedMain] org.hibernate.mapping.RootClass          : HHH000039: Composite-id class does not override hashCode(): co.kr.lotteon.entity.LtCsCate2DTO
2023-10-16T01:26:38.455+09:00  WARN 17788 --- [restartedMain] org.hibernate.mapping.RootClass          : HHH000038: Composite-id class does not override equals(): co.kr.lotteon.entity.LtCsFaqRateEntity
2023-10-16T01:26:38.455+09:00  WARN 17788 --- [restartedMain] org.hibernate.mapping.RootClass          : HHH000039: Composite-id class does not override hashCode(): co.kr.lotteon.entity.LtCsFaqRateEntity
2023-10-16T01:26:38.583+09:00  INFO 17788 --- [restartedMain] o.h.e.t.j.p.i.JtaPlatformInitiator       : HHH000490: Using JtaPlatform implementation: [org.hibernate.engine.transaction.jta.platform.internal.NoJtaPlatform]
2023-10-16T01:26:38.583+09:00  INFO 17788 --- [restartedMain] j.LocalContainerEntityManagerFactoryBean : Initialized JPA EntityManagerFactory for persistence unit 'default'
2023-10-16T01:26:38.693+09:00  WARN 17788 --- [restartedMain] JpaBaseConfiguration$JpaWebConfiguration : spring.jpa.open-in-view is enabled by default. Therefore, database queries may be performed during view rendering. Explicitly configure spring.jpa.open-in-view to disable this warning
2023-10-16T01:26:38.763+09:00  INFO 17788 --- [restartedMain] o.s.s.web.DefaultSecurityFilterChain     : Will secure any request with [org.springframework.security.web.session.DisableEncodeUrlFilter@66328f81, org.springframework.security.web.context.request.async.WebAsyncManagerIntegrationFilter@53171dbc, org.springframework.security.web.context.SecurityContextHolderFilter@1a9d4476, org.springframework.security.web.header.HeaderWriterFilter@7ff85f1c, org.springframework.security.web.authentication.logout.LogoutFilter@6e814412, org.springframework.security.web.authentication.UsernamePasswordAuthenticationFilter@2afff074, org.springframework.security.web.savedrequest.RequestCacheAwareFilter@19286ce7, org.springframework.security.web.servletapi.SecurityContextHolderAwareRequestFilter@79e7abb5, org.springframework.security.web.authentication.AnonymousAuthenticationFilter@293e2a17, org.springframework.security.web.access.ExceptionTranslationFilter@78730b9c, org.springframework.security.web.access.intercept.AuthorizationFilter@194fe31f]
2023-10-16T01:26:38.865+09:00  INFO 17788 --- [restartedMain] o.s.b.d.a.OptionalLiveReloadServer       : LiveReload server is running on port 35729
2023-10-16T01:26:38.882+09:00  INFO 17788 --- [restartedMain] o.s.b.w.embedded.tomcat.TomcatWebServer  : Tomcat started on port(s): 8080 (http) with context path ''
2023-10-16T01:26:38.888+09:00  INFO 17788 --- [restartedMain] co.kr.lotteon.LotteOnApplication         : Started LotteOnApplication in 2.718 seconds (process running for 267.112)
2023-10-16T01:26:38.890+09:00  INFO 17788 --- [restartedMain] .ConditionEvaluationDeltaLoggingListener : Condition evaluation unchanged
2023-10-16T01:36:04.174+09:00  INFO 17788 --- [SpringApplicationShutdownHook] j.LocalContainerEntityManagerFactoryBean : Closing JPA EntityManagerFactory for persistence unit 'default'
2023-10-16T01:36:04.174+09:00  INFO 17788 --- [SpringApplicationShutdownHook] com.zaxxer.hikari.HikariDataSource       : HikariPool-2 - Shutdown initiated...
2023-10-16T01:36:05.721+09:00  INFO 17788 --- [SpringApplicationShutdownHook] com.zaxxer.hikari.HikariDataSource       : HikariPool-2 - Shutdown completed.
